
> Configure project :app
Warning: Python version 3.11 may have fewer packages available. If you experience problems, try switching to version 3.8.

> Task :app:checkKotlinGradlePluginConfigurationErrors SKIPPED
> Task :app:extractDebugPythonBuildPackages UP-TO-DATE
> Task :app:generateDebugPythonRequirements UP-TO-DATE
> Task :app:mergeDebugPythonSources UP-TO-DATE
> Task :app:generateDebugPythonProxies UP-TO-DATE
> Task :app:preBuild UP-TO-DATE
> Task :app:preDebugBuild UP-TO-DATE
> Task :app:checkDebugAarMetadata UP-TO-DATE
> Task :app:generateDebugResValues UP-TO-DATE
> Task :app:processDebugGoogleServices UP-TO-DATE
> Task :app:mapDebugSourceSetPaths UP-TO-DATE
> Task :app:generateDebugResources UP-TO-DATE
> Task :app:mergeDebugResources UP-TO-DATE
> Task :app:packageDebugResources UP-TO-DATE
> Task :app:parseDebugLocalResources UP-TO-DATE
> Task :app:createDebugCompatibleScreenManifests UP-TO-DATE
> Task :app:extractDeepLinksDebug UP-TO-DATE
> Task :app:processDebugMainManifest UP-TO-DATE
> Task :app:processDebugManifest UP-TO-DATE
> Task :app:processDebugManifestForPackage UP-TO-DATE
> Task :app:processDebugResources UP-TO-DATE
> Task :app:kspDebugKotlin

> Task :app:compileDebugKotlin
w: file:///C:/Users/SRIRAM/Documents/GitHub/Mental-Health-Detection-ML/MHealth%20-%20Copy/app/src/main/java/com/example/mhealth/MainActivity.kt:1357:9 'fun Divider(modifier: Modifier = ..., thickness: Dp = ..., color: Color = ...): Unit' is deprecated. Renamed to HorizontalDivider.
w: file:///C:/Users/SRIRAM/Documents/GitHub/Mental-Health-Detection-ML/MHealth%20-%20Copy/app/src/main/java/com/example/mhealth/MainActivity.kt:1404:13 'fun Divider(modifier: Modifier = ..., thickness: Dp = ..., color: Color = ...): Unit' is deprecated. Renamed to HorizontalDivider.
w: file:///C:/Users/SRIRAM/Documents/GitHub/Mental-Health-Detection-ML/MHealth%20-%20Copy/app/src/main/java/com/example/mhealth/logic/DataCollector.kt:432:35 'static field MOVE_TO_FOREGROUND: Int' is deprecated. Deprecated in Java.
w: file:///C:/Users/SRIRAM/Documents/GitHub/Mental-Health-Detection-ML/MHealth%20-%20Copy/app/src/main/java/com/example/mhealth/logic/DataCollector.kt:447:35 'static field MOVE_TO_BACKGROUND: Int' is deprecated. Deprecated in Java.
w: file:///C:/Users/SRIRAM/Documents/GitHub/Mental-Health-Detection-ML/MHealth%20-%20Copy/app/src/main/java/com/example/mhealth/logic/db/MHealthDatabase.kt:58:22 'fun fallbackToDestructiveMigration(): RoomDatabase.Builder<MHealthDatabase>' is deprecated. Replace by overloaded version with parameter to indicate if all tables should be dropped or not.
w: file:///C:/Users/SRIRAM/Documents/GitHub/Mental-Health-Detection-ML/MHealth%20-%20Copy/app/src/main/java/com/example/mhealth/ui/theme/Theme.kt:40:20 'var statusBarColor: Int' is deprecated. Deprecated in Java.
[Incubating] Problems report is available at: file:///C:/Users/SRIRAM/Documents/GitHub/Mental-Health-Detection-ML/MHealth%20-%20Copy/build/reports/problems/problems-report.html

Deprecated Gradle features were used in this build, making it incompatible with Gradle 9.0.

You can use '--warning-mode all' to show the individual deprecation warnings and determine if they come from your own scripts or plugins.

For more on this, please refer to https://docs.gradle.org/8.11.1/userguide/command_line_interface.html#sec:command_line_warnings in the Gradle documentation.

BUILD SUCCESSFUL in 7s
20 actionable tasks: 2 executed, 18 up-to-date
